<?xml version="1.0" encoding="UTF-8"?>
<testsuite xmlns:xsi="http://www.w3.org/2001/XMLSchema-instance" xsi:noNamespaceSchemaLocation="https://maven.apache.org/surefire/maven-surefire-plugin/xsd/surefire-test-report.xsd" version="3.0.2" name="trabajofinal.app.ArchitectureTest" time="23.357" tests="6" errors="0" skipped="0" failures="0">
  <properties>
[...]
</properties>
  <testcase name="repositories_should_only_be_used_by_application_services_and_other_domain_classes" classname="trabajofinal.app.ArchitectureTest" time="0.985">
    <system-out><![CDATA[11:15:34.554 [main] INFO com.tngtech.archunit.core.PluginLoader -- Detected Java version 21.0.7
]]></system-out>
  </testcase>
  <testcase name="domain_model_should_not_depend_on_the_user_interface" classname="trabajofinal.app.ArchitectureTest" time="0.009"/>
  <testcase name="repositories_should_only_be_accessed_by_transactional_classes" classname="trabajofinal.app.ArchitectureTest" time="0.023"/>
  <testcase name="application_services_should_not_depend_on_the_user_interface" classname="trabajofinal.app.ArchitectureTest" time="0.014"/>
  <testcase name="domain_model_should_not_depend_on_application_services" classname="trabajofinal.app.ArchitectureTest" time="0.009"/>
  <testcase name="there_should_not_be_circular_dependencies_between_feature_packages" classname="trabajofinal.app.ArchitectureTest" time="0.245"/>
</testsuite>